<?xml version="1.0" encoding="UTF-8"?>
<!-- Generated by org.testng.reporters.JUnitReportReporter -->
<testsuite hostname="ICPL12869" name="com.cucumber.tests.Testcases" tests="1" failures="0" timestamp="16 Oct 2018 17:05:22 GMT" time="1.834" errors="0">
  <testcase name="feature" time="1.834" classname="com.cucumber.tests.Testcases"/>
</testsuite> <!-- com.cucumber.tests.Testcases -->
