<?xml version="1.0" encoding="UTF-8"?>
<!-- Generated by org.testng.reporters.JUnitReportReporter -->
<testsuite hostname="ICPL12869" name="com.cucumber.stepdefination.LoginPage" tests="1" failures="0" timestamp="16 Oct 2018 16:32:53 GMT" time="0.024" errors="0">
  <testcase name="feature" time="0.024" classname="com.cucumber.stepdefination.LoginPage"/>
</testsuite> <!-- com.cucumber.stepdefination.LoginPage -->
